1694258573603	geckodriver	INFO	Listening on 127.0.0.1:4444
1694258573612	webdriver::server	DEBUG	-> GET /status 
1694258573612	webdriver::server	DEBUG	<- 200 OK {"value":{"message":"","ready":true}}
1694258573623	webdriver::server	DEBUG	-> POST /session {"capabilities":{"firstMatch":[{}],"alwaysMatch":{"browserName":"firefox","moz:firefoxOptions":{"binary":"/usr/lib/firefox/firefox.sh"}}}}
1694258573623	geckodriver::capabilities	DEBUG	Trying to read firefox version from ini files
1694258573623	geckodriver::capabilities	DEBUG	Found version 116.0.3
1694258573624	mozrunner::runner	INFO	Running command: MOZ_CRASHREPORTER="1" MOZ_CRASHREPORTER_NO_REPORT="1" MOZ_CRASHREPORTER_SHUTDOWN="1" MOZ_NO_REMOTE="1" "/usr/lib/firefox/firefox.sh" "--marionette" "-no-remote" "-profile" "/tmp/rust_mozprofilel2cbYj"
1694258573625	geckodriver::marionette	DEBUG	Waiting 60s to connect to browser on 127.0.0.1
1694258573625	geckodriver::browser	TRACE	Failed to open /tmp/rust_mozprofilel2cbYj/MarionetteActivePort
1694258573625	geckodriver::marionette	TRACE	Retrying in 100ms
1694258573725	geckodriver::browser	TRACE	Failed to open /tmp/rust_mozprofilel2cbYj/MarionetteActivePort
1694258573725	geckodriver::marionette	TRACE	Retrying in 100ms
console.warn: services.settings: Ignoring preference override of remote settings server
console.warn: services.settings: Allow by setting MOZ_REMOTE_SETTINGS_DEVTOOLS=1 in the environment
1694258573825	geckodriver::browser	TRACE	Failed to open /tmp/rust_mozprofilel2cbYj/MarionetteActivePort
1694258573825	geckodriver::marionette	TRACE	Retrying in 100ms
1694258573925	geckodriver::browser	TRACE	Failed to open /tmp/rust_mozprofilel2cbYj/MarionetteActivePort
1694258573925	geckodriver::marionette	TRACE	Retrying in 100ms
1694258574025	geckodriver::browser	TRACE	Failed to open /tmp/rust_mozprofilel2cbYj/MarionetteActivePort
1694258574025	geckodriver::marionette	TRACE	Retrying in 100ms
1694258574125	geckodriver::browser	TRACE	Failed to open /tmp/rust_mozprofilel2cbYj/MarionetteActivePort
1694258574125	geckodriver::marionette	TRACE	Retrying in 100ms
1694258574225	geckodriver::browser	TRACE	Failed to open /tmp/rust_mozprofilel2cbYj/MarionetteActivePort
1694258574225	geckodriver::marionette	TRACE	Retrying in 100ms
1694258574326	geckodriver::browser	TRACE	Failed to open /tmp/rust_mozprofilel2cbYj/MarionetteActivePort
1694258574326	geckodriver::marionette	TRACE	Retrying in 100ms
ATTENTION: default value of option mesa_glthread overridden by environment.
ATTENTION: default value of option mesa_glthread overridden by environment.
ATTENTION: default value of option mesa_glthread overridden by environment.
1694258574426	geckodriver::browser	TRACE	Failed to open /tmp/rust_mozprofilel2cbYj/MarionetteActivePort
1694258574426	geckodriver::marionette	TRACE	Retrying in 100ms
1694258574435	Marionette	INFO	Marionette enabled
1694258574437	RemoteAgent	DEBUG	Setting recommended pref apz.content_response_timeout to 60000
1694258574438	RemoteAgent	DEBUG	Setting recommended pref browser.contentblocking.introCount to 99
1694258574438	RemoteAgent	DEBUG	Setting recommended pref browser.download.panel.shown to true
1694258574438	RemoteAgent	DEBUG	Setting recommended pref browser.newtabpage.enabled to false
1694258574438	RemoteAgent	DEBUG	Setting recommended pref browser.pagethumbnails.capturing_disabled to true
1694258574438	RemoteAgent	DEBUG	Setting recommended pref browser.search.update to false
1694258574438	RemoteAgent	DEBUG	Setting recommended pref browser.startup.couldRestoreSession.count to -1
1694258574438	RemoteAgent	DEBUG	Setting recommended pref browser.tabs.closeWindowWithLastTab to false
1694258574438	RemoteAgent	DEBUG	Setting recommended pref browser.tabs.unloadOnLowMemory to false
1694258574438	RemoteAgent	DEBUG	Setting recommended pref browser.tabs.warnOnClose to false
1694258574438	RemoteAgent	DEBUG	Setting recommended pref browser.tabs.warnOnCloseOtherTabs to false
1694258574438	RemoteAgent	DEBUG	Setting recommended pref browser.tabs.warnOnOpen to false
1694258574438	RemoteAgent	DEBUG	Setting recommended pref browser.toolbars.bookmarks.visibility to never
1694258574438	RemoteAgent	DEBUG	Setting recommended pref browser.topsites.contile.enabled to false
1694258574438	RemoteAgent	DEBUG	Setting recommended pref browser.usedOnWindows10.introURL to 
1694258574438	RemoteAgent	DEBUG	Setting recommended pref browser.urlbar.merino.endpointURL to 
1694258574438	RemoteAgent	DEBUG	Setting recommended pref browser.urlbar.suggest.searches to false
1694258574439	RemoteAgent	DEBUG	Setting recommended pref datareporting.policy.dataSubmissionPolicyAccepted to false
1694258574439	RemoteAgent	DEBUG	Setting recommended pref dom.disable_open_during_load to false
1694258574439	RemoteAgent	DEBUG	Setting recommended pref dom.file.createInChild to true
1694258574439	RemoteAgent	DEBUG	Setting recommended pref dom.max_chrome_script_run_time to 0
1694258574439	RemoteAgent	DEBUG	Setting recommended pref dom.max_script_run_time to 0
1694258574439	RemoteAgent	DEBUG	Setting recommended pref dom.navigation.locationChangeRateLimit.count to 0
1694258574439	RemoteAgent	DEBUG	Setting recommended pref dom.push.connection.enabled to false
1694258574439	RemoteAgent	DEBUG	Setting recommended pref dom.screenorientation.allow-lock to true
1694258574439	RemoteAgent	DEBUG	Setting recommended pref dom.successive_dialog_time_limit to 0
1694258574439	RemoteAgent	DEBUG	Setting recommended pref extensions.getAddons.cache.enabled to false
1694258574439	RemoteAgent	DEBUG	Setting recommended pref extensions.getAddons.discovery.api_url to data:, 
1694258574439	RemoteAgent	DEBUG	Setting recommended pref network.http.phishy-userpass-length to 255
1694258574439	RemoteAgent	DEBUG	Setting recommended pref network.http.prompt-temp-redirect to false
1694258574439	RemoteAgent	DEBUG	Setting recommended pref privacy.trackingprotection.enabled to false
1694258574439	RemoteAgent	DEBUG	Setting recommended pref security.fileuri.strict_origin_policy to false
1694258574439	RemoteAgent	DEBUG	Setting recommended pref security.notification_enable_delay to 0
1694258574439	RemoteAgent	DEBUG	Setting recommended pref signon.autofillForms to false
1694258574439	RemoteAgent	DEBUG	Setting recommended pref signon.rememberSignons to false
1694258574439	RemoteAgent	DEBUG	Setting recommended pref widget.windows.window_occlusion_tracking.enabled to false
1694258574439	RemoteAgent	DEBUG	Setting recommended pref dom.disable_beforeunload to true
1694258574440	Marionette	TRACE	Received observer notification final-ui-startup
1694258574500	Marionette	INFO	Listening on port 36843
1694258574502	Marionette	DEBUG	Marionette is listening
Read port: 36843
1694258574540	Marionette	DEBUG	Accepted connection 0 from 127.0.0.1:51090
1694258574637	geckodriver::marionette	DEBUG	Connection to Marionette established on 127.0.0.1:36843.
1694258574690	Marionette	DEBUG	0 -> [0,1,"WebDriver:NewSession",{"browserName":"firefox"}]
1694258574693	Marionette	DEBUG	Waiting for initial application window
console.error: ({})
1694258575892	Marionette	TRACE	Received observer notification browser-idle-startup-tasks-finished
1694258575896	RemoteAgent	TRACE	[8] ProgressListener Start: expectNavigation=false resolveWhenStarted=false unloadTimeout=5000 waitForExplicitStart=false
1694258575896	RemoteAgent	TRACE	[8] ProgressListener Setting unload timer (5000ms)
1694258575896	RemoteAgent	TRACE	[8] Document already finished loading: about:blank
1694258575896	RemoteAgent	TRACE	[8] ProgressListener Stop: has error=false
1694258575904	Marionette	DEBUG	0 <- [1,1,null,{"sessionId":"2a5ba8ab-4294-4575-a61e-d63b8472a436","capabilities":{"browserName":"firefox","browserVersion":"116.0.3","platformName":"linux","acceptInsecureCerts":false,"pageLoadStrategy":"normal","setWindowRect":true,"timeouts":{"implicit":0,"pageLoad":300000,"script":30000},"strictFileInteractability":false,"unhandledPromptBehavior":"dismiss and notify","moz:accessibilityChecks":false,"moz:buildID":"20230815173142","moz:headless":false,"moz:platformVersion":"5.15.0-79-generic","moz:processID":54585,"moz:profile":"/tmp/rust_mozprofilel2cbYj","moz:shutdownTimeout":60000,"moz:webdriverClick":true,"moz:windowless":false,"proxy":{}}}]
1694258575908	webdriver::server	DEBUG	<- 200 OK {"value":{"sessionId":"2a5ba8ab-4294-4575-a61e-d63b8472a436","capabilities":{"acceptInsecureCerts":false,"browserNa ... ctability":false,"timeouts":{"implicit":0,"pageLoad":300000,"script":30000},"unhandledPromptBehavior":"dismiss and notify"}}}
1694258575919	webdriver::server	DEBUG	-> POST /session/2a5ba8ab-4294-4575-a61e-d63b8472a436/url {"url":"http://tutorials.actionqa.com/yt/nw/locator-01.html"}
1694258575920	Marionette	DEBUG	0 -> [0,2,"WebDriver:Navigate",{"url":"http://tutorials.actionqa.com/yt/nw/locator-01.html"}]
1694258575924	Marionette	TRACE	[8] Received event beforeunload for about:blank
1694258576897	Marionette	TRACE	Remoteness change detected. Set new top-level browsing context to 11
1694258576905	Marionette	TRACE	[11] Received event beforeunload for about:blank
1694258576907	Marionette	TRACE	[11] Received event pagehide for about:blank
1694258576948	Marionette	TRACE	[11] Received event DOMContentLoaded for http://tutorials.actionqa.com/yt/nw/locator-01.html
1694258576948	Marionette	TRACE	[11] Received event pageshow for http://tutorials.actionqa.com/yt/nw/locator-01.html
1694258576949	Marionette	DEBUG	0 <- [1,2,null,{"value":null}]
1694258576949	webdriver::server	DEBUG	<- 200 OK {"value":null}
1694258579929	Marionette	TRACE	Received observer notification quit-application
1694258579929	Marionette	INFO	Stopped listening on port 36843
1694258579929	RemoteAgent	DEBUG	Resetting recommended pref apz.content_response_timeout
1694258579929	RemoteAgent	DEBUG	Resetting recommended pref browser.contentblocking.introCount
1694258579929	RemoteAgent	DEBUG	Resetting recommended pref browser.download.panel.shown
1694258579929	RemoteAgent	DEBUG	Resetting recommended pref browser.newtabpage.enabled
1694258579930	RemoteAgent	DEBUG	Resetting recommended pref browser.pagethumbnails.capturing_disabled
1694258579930	RemoteAgent	DEBUG	Resetting recommended pref browser.search.update
1694258579930	RemoteAgent	DEBUG	Resetting recommended pref browser.startup.couldRestoreSession.count
1694258579930	RemoteAgent	DEBUG	Resetting recommended pref browser.tabs.closeWindowWithLastTab
1694258579930	RemoteAgent	DEBUG	Resetting recommended pref browser.tabs.unloadOnLowMemory
1694258579930	RemoteAgent	DEBUG	Resetting recommended pref browser.tabs.warnOnClose
1694258579930	RemoteAgent	DEBUG	Resetting recommended pref browser.tabs.warnOnCloseOtherTabs
1694258579930	RemoteAgent	DEBUG	Resetting recommended pref browser.tabs.warnOnOpen
1694258579930	RemoteAgent	DEBUG	Resetting recommended pref browser.toolbars.bookmarks.visibility
1694258579931	RemoteAgent	DEBUG	Resetting recommended pref browser.topsites.contile.enabled
1694258579931	RemoteAgent	DEBUG	Resetting recommended pref browser.usedOnWindows10.introURL
1694258579931	RemoteAgent	DEBUG	Resetting recommended pref browser.urlbar.merino.endpointURL
1694258579932	RemoteAgent	DEBUG	Resetting recommended pref browser.urlbar.suggest.searches
1694258579933	RemoteAgent	DEBUG	Resetting recommended pref datareporting.policy.dataSubmissionPolicyAccepted
1694258579933	RemoteAgent	DEBUG	Resetting recommended pref dom.disable_open_during_load
1694258579933	RemoteAgent	DEBUG	Resetting recommended pref dom.file.createInChild
1694258579933	RemoteAgent	DEBUG	Resetting recommended pref dom.max_chrome_script_run_time
1694258579933	RemoteAgent	DEBUG	Resetting recommended pref dom.max_script_run_time
1694258579935	RemoteAgent	DEBUG	Resetting recommended pref dom.navigation.locationChangeRateLimit.count
1694258579935	RemoteAgent	DEBUG	Resetting recommended pref dom.push.connection.enabled
1694258579935	RemoteAgent	DEBUG	Resetting recommended pref dom.screenorientation.allow-lock
1694258579935	RemoteAgent	DEBUG	Resetting recommended pref dom.successive_dialog_time_limit
1694258579935	RemoteAgent	DEBUG	Resetting recommended pref extensions.getAddons.cache.enabled
1694258579936	RemoteAgent	DEBUG	Resetting recommended pref extensions.getAddons.discovery.api_url
1694258579936	RemoteAgent	DEBUG	Resetting recommended pref network.http.phishy-userpass-length
1694258579936	RemoteAgent	DEBUG	Resetting recommended pref network.http.prompt-temp-redirect
1694258579936	RemoteAgent	DEBUG	Resetting recommended pref privacy.trackingprotection.enabled
1694258579936	RemoteAgent	DEBUG	Resetting recommended pref security.fileuri.strict_origin_policy
1694258579936	RemoteAgent	DEBUG	Resetting recommended pref security.notification_enable_delay
1694258579936	RemoteAgent	DEBUG	Resetting recommended pref signon.autofillForms
1694258579938	RemoteAgent	DEBUG	Resetting recommended pref signon.rememberSignons
1694258579939	RemoteAgent	DEBUG	Resetting recommended pref widget.windows.window_occlusion_tracking.enabled
1694258579939	RemoteAgent	DEBUG	Resetting recommended pref dom.disable_beforeunload
1694258579940	Marionette	DEBUG	Marionette stopped listening
JavaScript error: chrome://remote/content/marionette/cert.sys.mjs, line 51: NS_ERROR_NOT_AVAILABLE: Component returned failure code: 0x80040111 (NS_ERROR_NOT_AVAILABLE) [nsICertOverrideService.setDisableAllSecurityChecksAndLetAttackersInterceptMyData]
1694258579958	webdriver::server	DEBUG	-> POST /session/2a5ba8ab-4294-4575-a61e-d63b8472a436/elements {"using":"css selector","value":"#text-input"}
1694258579958	webdriver::server	DEBUG	Teardown session
1694258579963	geckodriver::marionette	ERROR	Failed to close browser connection: Socket not connected (os error 107)
1694258579963	webdriver::server	DEBUG	<- 500 Internal Server Error {"value":{"error":"unknown error","message":"Failed to decode response from marionette","stacktrace":""}}
[ERROR glean_core] Can't persist ping lifetime data: Error { kind: Rkv(IoError(Os { code: 2, kind: NotFound, message: "No such file or directory" })) }
1694258580968	webdriver::server	DEBUG	-> POST /session/2a5ba8ab-4294-4575-a61e-d63b8472a436/elements {"using":"css selector","value":"#text-input"}
1694258580969	webdriver::server	DEBUG	<- 404 Not Found {"value":{"error":"invalid session id","message":"Tried to run command without establishing a connection","stacktrace":""}}
1694258581474	webdriver::server	DEBUG	-> POST /session/2a5ba8ab-4294-4575-a61e-d63b8472a436/elements {"using":"css selector","value":"#text-input"}
1694258581474	webdriver::server	DEBUG	<- 404 Not Found {"value":{"error":"invalid session id","message":"Tried to run command without establishing a connection","stacktrace":""}}
1694258581980	webdriver::server	DEBUG	-> POST /session/2a5ba8ab-4294-4575-a61e-d63b8472a436/elements {"using":"css selector","value":"#text-input"}
1694258581980	webdriver::server	DEBUG	<- 404 Not Found {"value":{"error":"invalid session id","message":"Tried to run command without establishing a connection","stacktrace":""}}
1694258582484	webdriver::server	DEBUG	-> POST /session/2a5ba8ab-4294-4575-a61e-d63b8472a436/elements {"using":"css selector","value":"#text-input"}
1694258582485	webdriver::server	DEBUG	<- 404 Not Found {"value":{"error":"invalid session id","message":"Tried to run command without establishing a connection","stacktrace":""}}
1694258582991	webdriver::server	DEBUG	-> POST /session/2a5ba8ab-4294-4575-a61e-d63b8472a436/elements {"using":"css selector","value":"#text-input"}
1694258582991	webdriver::server	DEBUG	<- 404 Not Found {"value":{"error":"invalid session id","message":"Tried to run command without establishing a connection","stacktrace":""}}
